ERROR - 2023-06-20 09:55:50 --> Error connecting to the database: No connection could be made because the target machine actively refused it
CRITICAL - 2023-06-20 09:55:50 --> Unable to connect to the database.
Main connection [MySQLi]: No connection could be made because the target machine actively refused it
#0 C:\xampp\htdocs\P.Web\Lab12_php_ci\ci4\system\Database\BaseConnection.php(577): CodeIgniter\Database\BaseConnection->initialize()
#1 C:\xampp\htdocs\P.Web\Lab12_php_ci\ci4\system\Database\BaseBuilder.php(1455): CodeIgniter\Database\BaseConnection->query('SELECT *\nFROM `...', Array, false)
#2 C:\xampp\htdocs\P.Web\Lab12_php_ci\ci4\system\Model.php(183): CodeIgniter\Database\BaseBuilder->get()
#3 C:\xampp\htdocs\P.Web\Lab12_php_ci\ci4\system\BaseModel.php(584): CodeIgniter\Model->doFindAll(0, 0)
#4 C:\xampp\htdocs\P.Web\Lab12_php_ci\ci4\app\Controllers\Artikel.php(14): CodeIgniter\BaseModel->findAll()
#5 C:\xampp\htdocs\P.Web\Lab12_php_ci\ci4\system\CodeIgniter.php(832): App\Controllers\Artikel->index()
#6 C:\xampp\htdocs\P.Web\Lab12_php_ci\ci4\system\CodeIgniter.php(419): CodeIgniter\CodeIgniter->runController(Object(App\Controllers\Artikel))
#7 C:\xampp\htdocs\P.Web\Lab12_php_ci\ci4\system\CodeIgniter.php(326): CodeIgniter\CodeIgniter->handleRequest(NULL, Object(Config\Cache), false)
#8 C:\xampp\htdocs\P.Web\Lab12_php_ci\ci4\public\index.php(37): CodeIgniter\CodeIgniter->run()
#9 C:\xampp\htdocs\P.Web\Lab12_php_ci\ci4\system\Commands\Server\rewrite.php(43): require_once('C:\\xampp\\htdocs...')
#10 {main}
CRITICAL - 2023-06-20 10:35:26 --> substr(): Passing null to parameter #1 ($string) of type string is deprecated
#0 [internal function]: CodeIgniter\Debug\Exceptions->errorHandler(8192, 'substr(): Passi...', 'C:\\xampp\\htdocs...', 8)
#1 C:\xampp\htdocs\P.Web\Lab12_php_ci\ci4\app\Views\artikel\index.php(8): substr(NULL, 0, 1000)
#2 C:\xampp\htdocs\P.Web\Lab12_php_ci\ci4\system\View\View.php(210): include('C:\\xampp\\htdocs...')
#3 C:\xampp\htdocs\P.Web\Lab12_php_ci\ci4\system\View\View.php(213): CodeIgniter\View\View->CodeIgniter\View\{closure}()
#4 C:\xampp\htdocs\P.Web\Lab12_php_ci\ci4\system\Common.php(1089): CodeIgniter\View\View->render('artikel/index', Array, true)
#5 C:\xampp\htdocs\P.Web\Lab12_php_ci\ci4\app\Controllers\Artikel.php(15): view('artikel/index', Array)
#6 C:\xampp\htdocs\P.Web\Lab12_php_ci\ci4\system\CodeIgniter.php(832): App\Controllers\Artikel->index()
#7 C:\xampp\htdocs\P.Web\Lab12_php_ci\ci4\system\CodeIgniter.php(419): CodeIgniter\CodeIgniter->runController(Object(App\Controllers\Artikel))
#8 C:\xampp\htdocs\P.Web\Lab12_php_ci\ci4\system\CodeIgniter.php(326): CodeIgniter\CodeIgniter->handleRequest(NULL, Object(Config\Cache), false)
#9 C:\xampp\htdocs\P.Web\Lab12_php_ci\ci4\public\index.php(37): CodeIgniter\CodeIgniter->run()
#10 C:\xampp\htdocs\P.Web\Lab12_php_ci\ci4\system\Commands\Server\rewrite.php(43): require_once('C:\\xampp\\htdocs...')
#11 {main}
CRITICAL - 2023-06-20 10:35:42 --> substr(): Passing null to parameter #1 ($string) of type string is deprecated
#0 [internal function]: CodeIgniter\Debug\Exceptions->errorHandler(8192, 'substr(): Passi...', 'C:\\xampp\\htdocs...', 8)
#1 C:\xampp\htdocs\P.Web\Lab12_php_ci\ci4\app\Views\artikel\index.php(8): substr(NULL, 0, 1000)
#2 C:\xampp\htdocs\P.Web\Lab12_php_ci\ci4\system\View\View.php(210): include('C:\\xampp\\htdocs...')
#3 C:\xampp\htdocs\P.Web\Lab12_php_ci\ci4\system\View\View.php(213): CodeIgniter\View\View->CodeIgniter\View\{closure}()
#4 C:\xampp\htdocs\P.Web\Lab12_php_ci\ci4\system\Common.php(1089): CodeIgniter\View\View->render('artikel/index', Array, true)
#5 C:\xampp\htdocs\P.Web\Lab12_php_ci\ci4\app\Controllers\Artikel.php(15): view('artikel/index', Array)
#6 C:\xampp\htdocs\P.Web\Lab12_php_ci\ci4\system\CodeIgniter.php(832): App\Controllers\Artikel->index()
#7 C:\xampp\htdocs\P.Web\Lab12_php_ci\ci4\system\CodeIgniter.php(419): CodeIgniter\CodeIgniter->runController(Object(App\Controllers\Artikel))
#8 C:\xampp\htdocs\P.Web\Lab12_php_ci\ci4\system\CodeIgniter.php(326): CodeIgniter\CodeIgniter->handleRequest(NULL, Object(Config\Cache), false)
#9 C:\xampp\htdocs\P.Web\Lab12_php_ci\ci4\public\index.php(37): CodeIgniter\CodeIgniter->run()
#10 C:\xampp\htdocs\P.Web\Lab12_php_ci\ci4\system\Commands\Server\rewrite.php(43): require_once('C:\\xampp\\htdocs...')
#11 {main}
